{"/home/drinkalot/repos/fws-cli-refactor/src/consts/packageTypes.ts": {"path":"/home/drinkalot/repos/fws-cli-refactor/src/consts/packageTypes.ts","statementMap":{"0":{"start":{"line":10,"column":13},"end":{"line":36,"column":2}}},"fnMap":{},"branchMap":{},"s":{"0":3},"f":{},"b":{}}
,"/home/drinkalot/repos/fws-cli-refactor/src/package/index.ts": {"path":"/home/drinkalot/repos/fws-cli-refactor/src/package/index.ts","statementMap":{"0":{"start":{"line":1,"column":0},"end":{"line":1,"column":78}},"1":{"start":{"line":3,"column":0},"end":{"line":3,"column":64}},"2":{"start":{"line":4,"column":0},"end":{"line":4,"column":56}},"3":{"start":{"line":5,"column":0},"end":{"line":5,"column":52}},"4":{"start":{"line":7,"column":34},"end":{"line":29,"column":1}},"5":{"start":{"line":8,"column":18},"end":{"line":8,"column":45}},"6":{"start":{"line":9,"column":24},"end":{"line":9,"column":44}},"7":{"start":{"line":10,"column":24},"end":{"line":10,"column":51}},"8":{"start":{"line":11,"column":4},"end":{"line":19,"column":10}},"9":{"start":{"line":12,"column":8},"end":{"line":19,"column":10}},"10":{"start":{"line":21,"column":4},"end":{"line":28,"column":6}},"11":{"start":{"line":7,"column":13},"end":{"line":7,"column":34}}},"fnMap":{"0":{"name":"(anonymous_0)","decl":{"start":{"line":7,"column":34},"end":{"line":7,"column":55}},"loc":{"start":{"line":7,"column":57},"end":{"line":29,"column":1}}}},"branchMap":{"0":{"loc":{"start":{"line":11,"column":4},"end":{"line":19,"column":10}},"type":"if","locations":[{"start":{"line":11,"column":4},"end":{"line":19,"column":10}}]},"1":{"loc":{"start":{"line":11,"column":8},"end":{"line":11,"column":113}},"type":"binary-expr","locations":[{"start":{"line":11,"column":8},"end":{"line":11,"column":14}},{"start":{"line":11,"column":18},"end":{"line":11,"column":33}},{"start":{"line":11,"column":37},"end":{"line":11,"column":52}},{"start":{"line":11,"column":56},"end":{"line":11,"column":68}},{"start":{"line":11,"column":72},"end":{"line":11,"column":84}},{"start":{"line":11,"column":88},"end":{"line":11,"column":113}}]},"2":{"loc":{"start":{"line":22,"column":21},"end":{"line":22,"column":36}},"type":"cond-expr","locations":[{"start":{"line":22,"column":26},"end":{"line":22,"column":28}},{"start":{"line":22,"column":21},"end":{"line":22,"column":36}}]},"3":{"loc":{"start":{"line":22,"column":21},"end":{"line":22,"column":28}},"type":"binary-expr","locations":[{"start":{"line":22,"column":21},"end":{"line":22,"column":28}},{"start":{"line":22,"column":21},"end":{"line":22,"column":28}}]},"4":{"loc":{"start":{"line":23,"column":24},"end":{"line":23,"column":39}},"type":"cond-expr","locations":[{"start":{"line":23,"column":29},"end":{"line":23,"column":31}},{"start":{"line":23,"column":24},"end":{"line":23,"column":39}}]},"5":{"loc":{"start":{"line":23,"column":24},"end":{"line":23,"column":31}},"type":"binary-expr","locations":[{"start":{"line":23,"column":24},"end":{"line":23,"column":31}},{"start":{"line":23,"column":24},"end":{"line":23,"column":31}}]}},"s":{"0":1,"1":1,"2":1,"3":1,"4":1,"5":3,"6":3,"7":3,"8":3,"9":2,"10":1,"11":1},"f":{"0":3},"b":{"0":[2],"1":[3,3,2,2,2,2],"2":[0,1],"3":[1,1],"4":[0,1],"5":[1,1]}}
,"/home/drinkalot/repos/fws-cli-refactor/src/util/checkIfOneOptionIsPresent.ts": {"path":"/home/drinkalot/repos/fws-cli-refactor/src/util/checkIfOneOptionIsPresent.ts","statementMap":{"0":{"start":{"line":6,"column":41},"end":{"line":16,"column":1}},"1":{"start":{"line":7,"column":4},"end":{"line":8,"column":70}},"2":{"start":{"line":8,"column":8},"end":{"line":8,"column":70}},"3":{"start":{"line":9,"column":22},"end":{"line":9,"column":49}},"4":{"start":{"line":10,"column":18},"end":{"line":10,"column":20}},"5":{"start":{"line":11,"column":4},"end":{"line":13,"column":5}},"6":{"start":{"line":12,"column":8},"end":{"line":12,"column":117}},"7":{"start":{"line":12,"column":88},"end":{"line":12,"column":102}},"8":{"start":{"line":15,"column":4},"end":{"line":15,"column":52}},"9":{"start":{"line":6,"column":13},"end":{"line":6,"column":41}}},"fnMap":{"0":{"name":"(anonymous_0)","decl":{"start":{"line":6,"column":41},"end":{"line":6,"column":42}},"loc":{"start":{"line":6,"column":99},"end":{"line":16,"column":1}}},"1":{"name":"(anonymous_1)","decl":{"start":{"line":12,"column":76},"end":{"line":12,"column":77}},"loc":{"start":{"line":12,"column":88},"end":{"line":12,"column":102}}}},"branchMap":{"0":{"loc":{"start":{"line":7,"column":4},"end":{"line":8,"column":70}},"type":"if","locations":[{"start":{"line":7,"column":4},"end":{"line":8,"column":70}}]},"1":{"loc":{"start":{"line":7,"column":8},"end":{"line":7,"column":60}},"type":"binary-expr","locations":[{"start":{"line":7,"column":8},"end":{"line":7,"column":16}},{"start":{"line":7,"column":20},"end":{"line":7,"column":35}},{"start":{"line":7,"column":39},"end":{"line":7,"column":44}},{"start":{"line":7,"column":48},"end":{"line":7,"column":60}}]},"2":{"loc":{"start":{"line":11,"column":4},"end":{"line":13,"column":5}},"type":"if","locations":[{"start":{"line":11,"column":4},"end":{"line":13,"column":5}}]}},"s":{"0":1,"1":4,"2":1,"3":3,"4":3,"5":3,"6":2,"7":6,"8":3,"9":1},"f":{"0":4,"1":6},"b":{"0":[1],"1":[4,4,3,3],"2":[2]}}
,"/home/drinkalot/repos/fws-cli-refactor/src/util/getAdditionalOptions.ts": {"path":"/home/drinkalot/repos/fws-cli-refactor/src/util/getAdditionalOptions.ts","statementMap":{"0":{"start":{"line":3,"column":36},"end":{"line":11,"column":1}},"1":{"start":{"line":4,"column":42},"end":{"line":4,"column":44}},"2":{"start":{"line":5,"column":4},"end":{"line":9,"column":5}},"3":{"start":{"line":6,"column":8},"end":{"line":8,"column":11}},"4":{"start":{"line":7,"column":12},"end":{"line":7,"column":103}},"5":{"start":{"line":10,"column":4},"end":{"line":10,"column":25}},"6":{"start":{"line":3,"column":13},"end":{"line":3,"column":36}}},"fnMap":{"0":{"name":"(anonymous_0)","decl":{"start":{"line":3,"column":36},"end":{"line":3,"column":37}},"loc":{"start":{"line":3,"column":74},"end":{"line":11,"column":1}}},"1":{"name":"(anonymous_1)","decl":{"start":{"line":6,"column":42},"end":{"line":6,"column":43}},"loc":{"start":{"line":6,"column":53},"end":{"line":8,"column":9}}}},"branchMap":{"0":{"loc":{"start":{"line":5,"column":4},"end":{"line":9,"column":5}},"type":"if","locations":[{"start":{"line":5,"column":4},"end":{"line":9,"column":5}}]},"1":{"loc":{"start":{"line":5,"column":8},"end":{"line":5,"column":42}},"type":"cond-expr","locations":[{"start":{"line":5,"column":34},"end":{"line":5,"column":36}},{"start":{"line":5,"column":34},"end":{"line":5,"column":42}}]},"2":{"loc":{"start":{"line":5,"column":8},"end":{"line":5,"column":36}},"type":"binary-expr","locations":[{"start":{"line":5,"column":8},"end":{"line":5,"column":36}},{"start":{"line":5,"column":34},"end":{"line":5,"column":36}}]},"3":{"loc":{"start":{"line":5,"column":8},"end":{"line":5,"column":34}},"type":"cond-expr","locations":[{"start":{"line":5,"column":15},"end":{"line":5,"column":17}},{"start":{"line":5,"column":8},"end":{"line":5,"column":34}}]},"4":{"loc":{"start":{"line":5,"column":8},"end":{"line":5,"column":17}},"type":"binary-expr","locations":[{"start":{"line":5,"column":8},"end":{"line":5,"column":17}},{"start":{"line":5,"column":8},"end":{"line":5,"column":17}}]}},"s":{"0":1,"1":1,"2":1,"3":1,"4":1,"5":1,"6":1},"f":{"0":1,"1":1},"b":{"0":[1],"1":[0,1],"2":[1,1],"3":[0,1],"4":[1,1]}}
,"/home/drinkalot/repos/fws-cli-refactor/src/util/getAllowedCommands.ts": {"path":"/home/drinkalot/repos/fws-cli-refactor/src/util/getAllowedCommands.ts","statementMap":{"0":{"start":{"line":1,"column":0},"end":{"line":1,"column":55}},"1":{"start":{"line":3,"column":34},"end":{"line":6,"column":1}},"2":{"start":{"line":4,"column":4},"end":{"line":4,"column":62}},"3":{"start":{"line":4,"column":52},"end":{"line":4,"column":62}},"4":{"start":{"line":5,"column":4},"end":{"line":5,"column":97}},"5":{"start":{"line":3,"column":13},"end":{"line":3,"column":34}}},"fnMap":{"0":{"name":"(anonymous_0)","decl":{"start":{"line":3,"column":34},"end":{"line":3,"column":35}},"loc":{"start":{"line":3,"column":108},"end":{"line":6,"column":1}}}},"branchMap":{"0":{"loc":{"start":{"line":4,"column":4},"end":{"line":4,"column":62}},"type":"if","locations":[{"start":{"line":4,"column":4},"end":{"line":4,"column":62}}]},"1":{"loc":{"start":{"line":4,"column":8},"end":{"line":4,"column":52}},"type":"binary-expr","locations":[{"start":{"line":4,"column":8},"end":{"line":4,"column":20}},{"start":{"line":4,"column":24},"end":{"line":4,"column":52}}]},"2":{"loc":{"start":{"line":4,"column":25},"end":{"line":4,"column":50}},"type":"cond-expr","locations":[{"start":{"line":4,"column":36},"end":{"line":4,"column":38}},{"start":{"line":4,"column":25},"end":{"line":4,"column":50}}]},"3":{"loc":{"start":{"line":4,"column":25},"end":{"line":4,"column":38}},"type":"binary-expr","locations":[{"start":{"line":4,"column":25},"end":{"line":4,"column":38}},{"start":{"line":4,"column":25},"end":{"line":4,"column":38}}]}},"s":{"0":1,"1":1,"2":5,"3":1,"4":4,"5":1},"f":{"0":5},"b":{"0":[1],"1":[5,5],"2":[0,5],"3":[5,5]}}
,"/home/drinkalot/repos/fws-cli-refactor/src/util/getAssetsDir.ts": {"path":"/home/drinkalot/repos/fws-cli-refactor/src/util/getAssetsDir.ts","statementMap":{"0":{"start":{"line":1,"column":0},"end":{"line":1,"column":31}},"1":{"start":{"line":3,"column":28},"end":{"line":9,"column":1}},"2":{"start":{"line":4,"column":4},"end":{"line":8,"column":15}},"3":{"start":{"line":3,"column":13},"end":{"line":3,"column":28}}},"fnMap":{"0":{"name":"(anonymous_0)","decl":{"start":{"line":3,"column":28},"end":{"line":3,"column":29}},"loc":{"start":{"line":3,"column":78},"end":{"line":9,"column":1}}}},"branchMap":{"0":{"loc":{"start":{"line":4,"column":11},"end":{"line":8,"column":14}},"type":"cond-expr","locations":[{"start":{"line":5,"column":10},"end":{"line":5,"column":41}},{"start":{"line":6,"column":10},"end":{"line":8,"column":14}}]},"1":{"loc":{"start":{"line":6,"column":10},"end":{"line":8,"column":14}},"type":"cond-expr","locations":[{"start":{"line":7,"column":12},"end":{"line":7,"column":39}},{"start":{"line":8,"column":12},"end":{"line":8,"column":14}}]}},"s":{"0":2,"1":2,"2":5,"3":2},"f":{"0":5},"b":{"0":[2,3],"1":[2,1]}}
,"/home/drinkalot/repos/fws-cli-refactor/src/util/getCommands.ts": {"path":"/home/drinkalot/repos/fws-cli-refactor/src/util/getCommands.ts","statementMap":{"0":{"start":{"line":3,"column":27},"end":{"line":12,"column":1}},"1":{"start":{"line":8,"column":4},"end":{"line":11,"column":6}},"2":{"start":{"line":9,"column":53},"end":{"line":9,"column":91}},"3":{"start":{"line":3,"column":13},"end":{"line":3,"column":27}}},"fnMap":{"0":{"name":"(anonymous_0)","decl":{"start":{"line":3,"column":27},"end":{"line":3,"column":null}},"loc":{"start":{"line":7,"column":4},"end":{"line":12,"column":1}}},"1":{"name":"(anonymous_1)","decl":{"start":{"line":9,"column":30},"end":{"line":9,"column":31}},"loc":{"start":{"line":9,"column":53},"end":{"line":9,"column":91}}}},"branchMap":{},"s":{"0":1,"1":2,"2":4,"3":1},"f":{"0":2,"1":4},"b":{}}
,"/home/drinkalot/repos/fws-cli-refactor/src/util/getEnvTemplate.ts": {"path":"/home/drinkalot/repos/fws-cli-refactor/src/util/getEnvTemplate.ts","statementMap":{"0":{"start":{"line":1,"column":30},"end":{"line":8,"column":1}},"1":{"start":{"line":2,"column":20},"end":{"line":2,"column":45}},"2":{"start":{"line":3,"column":4},"end":{"line":7,"column":15}},"3":{"start":{"line":1,"column":13},"end":{"line":1,"column":30}}},"fnMap":{"0":{"name":"(anonymous_0)","decl":{"start":{"line":1,"column":30},"end":{"line":1,"column":31}},"loc":{"start":{"line":1,"column":62},"end":{"line":8,"column":1}}}},"branchMap":{"0":{"loc":{"start":{"line":3,"column":11},"end":{"line":7,"column":14}},"type":"cond-expr","locations":[{"start":{"line":4,"column":10},"end":{"line":4,"column":53}},{"start":{"line":5,"column":10},"end":{"line":7,"column":14}}]},"1":{"loc":{"start":{"line":5,"column":10},"end":{"line":7,"column":14}},"type":"cond-expr","locations":[{"start":{"line":6,"column":12},"end":{"line":6,"column":58}},{"start":{"line":7,"column":12},"end":{"line":7,"column":14}}]}},"s":{"0":1,"1":3,"2":3,"3":1},"f":{"0":3},"b":{"0":[1,2],"1":[1,1]}}
,"/home/drinkalot/repos/fws-cli-refactor/src/util/getFiles.ts": {"path":"/home/drinkalot/repos/fws-cli-refactor/src/util/getFiles.ts","statementMap":{"0":{"start":{"line":1,"column":0},"end":{"line":1,"column":43}},"1":{"start":{"line":2,"column":0},"end":{"line":2,"column":28}},"2":{"start":{"line":3,"column":24},"end":{"line":20,"column":1}},"3":{"start":{"line":4,"column":33},"end":{"line":4,"column":35}},"4":{"start":{"line":5,"column":26},"end":{"line":17,"column":5}},"5":{"start":{"line":6,"column":24},"end":{"line":6,"column":41}},"6":{"start":{"line":8,"column":8},"end":{"line":16,"column":9}},"7":{"start":{"line":9,"column":29},"end":{"line":9,"column":46}},"8":{"start":{"line":10,"column":26},"end":{"line":10,"column":44}},"9":{"start":{"line":11,"column":12},"end":{"line":15,"column":13}},"10":{"start":{"line":12,"column":16},"end":{"line":12,"column":47}},"11":{"start":{"line":13,"column":19},"end":{"line":15,"column":13}},"12":{"start":{"line":14,"column":16},"end":{"line":14,"column":37}},"13":{"start":{"line":18,"column":4},"end":{"line":18,"column":30}},"14":{"start":{"line":19,"column":4},"end":{"line":19,"column":17}},"15":{"start":{"line":3,"column":13},"end":{"line":3,"column":24}}},"fnMap":{"0":{"name":"(anonymous_0)","decl":{"start":{"line":3,"column":24},"end":{"line":3,"column":25}},"loc":{"start":{"line":3,"column":101},"end":{"line":20,"column":1}}},"1":{"name":"(anonymous_1)","decl":{"start":{"line":5,"column":26},"end":{"line":5,"column":27}},"loc":{"start":{"line":5,"column":60},"end":{"line":17,"column":5}}}},"branchMap":{"0":{"loc":{"start":{"line":11,"column":12},"end":{"line":15,"column":13}},"type":"if","locations":[{"start":{"line":11,"column":12},"end":{"line":15,"column":13}},{"start":{"line":13,"column":19},"end":{"line":15,"column":13}}]},"1":{"loc":{"start":{"line":13,"column":19},"end":{"line":15,"column":13}},"type":"if","locations":[{"start":{"line":13,"column":19},"end":{"line":15,"column":13}}]},"2":{"loc":{"start":{"line":13,"column":23},"end":{"line":13,"column":105}},"type":"binary-expr","locations":[{"start":{"line":13,"column":23},"end":{"line":13,"column":37}},{"start":{"line":13,"column":41},"end":{"line":13,"column":72}},{"start":{"line":13,"column":76},"end":{"line":13,"column":105}}]}},"s":{"0":1,"1":1,"2":1,"3":1,"4":1,"5":2,"6":2,"7":5,"8":5,"9":5,"10":1,"11":4,"12":2,"13":1,"14":1,"15":1},"f":{"0":1,"1":2},"b":{"0":[1,4],"1":[2],"2":[4,4,2]}}
,"/home/drinkalot/repos/fws-cli-refactor/src/util/getMessageBasedOnCode.ts": {"path":"/home/drinkalot/repos/fws-cli-refactor/src/util/getMessageBasedOnCode.ts","statementMap":{"0":{"start":{"line":1,"column":37},"end":{"line":7,"column":1}},"1":{"start":{"line":2,"column":4},"end":{"line":6,"column":50}},"2":{"start":{"line":1,"column":13},"end":{"line":1,"column":37}}},"fnMap":{"0":{"name":"(anonymous_0)","decl":{"start":{"line":1,"column":37},"end":{"line":1,"column":38}},"loc":{"start":{"line":1,"column":71},"end":{"line":7,"column":1}}}},"branchMap":{"0":{"loc":{"start":{"line":2,"column":11},"end":{"line":6,"column":49}},"type":"cond-expr","locations":[{"start":{"line":3,"column":10},"end":{"line":3,"column":33}},{"start":{"line":4,"column":10},"end":{"line":6,"column":49}}]},"1":{"loc":{"start":{"line":4,"column":10},"end":{"line":6,"column":49}},"type":"cond-expr","locations":[{"start":{"line":5,"column":12},"end":{"line":5,"column":32}},{"start":{"line":6,"column":12},"end":{"line":6,"column":49}}]}},"s":{"0":1,"1":3,"2":1},"f":{"0":3},"b":{"0":[1,2],"1":[1,1]}}
,"/home/drinkalot/repos/fws-cli-refactor/src/util/getPackageJson.ts": {"path":"/home/drinkalot/repos/fws-cli-refactor/src/util/getPackageJson.ts","statementMap":{"0":{"start":{"line":1,"column":0},"end":{"line":1,"column":34}},"1":{"start":{"line":2,"column":30},"end":{"line":9,"column":1}},"2":{"start":{"line":3,"column":4},"end":{"line":8,"column":5}},"3":{"start":{"line":4,"column":28},"end":{"line":4,"column":67}},"4":{"start":{"line":5,"column":8},"end":{"line":5,"column":27}},"5":{"start":{"line":7,"column":8},"end":{"line":7,"column":18}},"6":{"start":{"line":2,"column":13},"end":{"line":2,"column":30}}},"fnMap":{"0":{"name":"(anonymous_0)","decl":{"start":{"line":2,"column":30},"end":{"line":2,"column":31}},"loc":{"start":{"line":2,"column":71},"end":{"line":9,"column":1}}}},"branchMap":{},"s":{"0":3,"1":3,"2":2,"3":2,"4":1,"5":1,"6":3},"f":{"0":2},"b":{}}
,"/home/drinkalot/repos/fws-cli-refactor/src/util/getPackageJsonAndRootPath.ts": {"path":"/home/drinkalot/repos/fws-cli-refactor/src/util/getPackageJsonAndRootPath.ts","statementMap":{"0":{"start":{"line":1,"column":0},"end":{"line":1,"column":45}},"1":{"start":{"line":2,"column":0},"end":{"line":2,"column":31}},"2":{"start":{"line":9,"column":41},"end":{"line":28,"column":1}},"3":{"start":{"line":10,"column":4},"end":{"line":27,"column":5}},"4":{"start":{"line":11,"column":8},"end":{"line":22,"column":9}},"5":{"start":{"line":12,"column":30},"end":{"line":12,"column":89}},"6":{"start":{"line":13,"column":12},"end":{"line":21,"column":13}},"7":{"start":{"line":14,"column":30},"end":{"line":14,"column":77}},"8":{"start":{"line":14,"column":54},"end":{"line":14,"column":76}},"9":{"start":{"line":15,"column":16},"end":{"line":20,"column":17}},"10":{"start":{"line":16,"column":20},"end":{"line":19,"column":22}},"11":{"start":{"line":23,"column":8},"end":{"line":23,"column":102}},"12":{"start":{"line":25,"column":8},"end":{"line":25,"column":25}},"13":{"start":{"line":26,"column":8},"end":{"line":26,"column":46}},"14":{"start":{"line":9,"column":13},"end":{"line":9,"column":41}}},"fnMap":{"0":{"name":"(anonymous_0)","decl":{"start":{"line":9,"column":41},"end":{"line":9,"column":62}},"loc":{"start":{"line":9,"column":64},"end":{"line":28,"column":1}}},"1":{"name":"(anonymous_1)","decl":{"start":{"line":14,"column":45},"end":{"line":14,"column":46}},"loc":{"start":{"line":14,"column":54},"end":{"line":14,"column":76}}}},"branchMap":{"0":{"loc":{"start":{"line":11,"column":8},"end":{"line":22,"column":9}},"type":"if","locations":[{"start":{"line":11,"column":8},"end":{"line":22,"column":9}}]},"1":{"loc":{"start":{"line":13,"column":12},"end":{"line":21,"column":13}},"type":"if","locations":[{"start":{"line":13,"column":12},"end":{"line":21,"column":13}}]},"2":{"loc":{"start":{"line":15,"column":16},"end":{"line":20,"column":17}},"type":"if","locations":[{"start":{"line":15,"column":16},"end":{"line":20,"column":17}}]}},"s":{"0":3,"1":3,"2":3,"3":3,"4":3,"5":1,"6":1,"7":1,"8":1,"9":1,"10":1,"11":1,"12":1,"13":1,"14":3},"f":{"0":3,"1":1},"b":{"0":[1],"1":[1],"2":[1]}}
,"/home/drinkalot/repos/fws-cli-refactor/src/util/getPackageType.ts": {"path":"/home/drinkalot/repos/fws-cli-refactor/src/util/getPackageType.ts","statementMap":{"0":{"start":{"line":1,"column":0},"end":{"line":1,"column":55}},"1":{"start":{"line":3,"column":30},"end":{"line":6,"column":1}},"2":{"start":{"line":4,"column":4},"end":{"line":4,"column":69}},"3":{"start":{"line":4,"column":52},"end":{"line":4,"column":69}},"4":{"start":{"line":5,"column":4},"end":{"line":5,"column":86}},"5":{"start":{"line":3,"column":13},"end":{"line":3,"column":30}}},"fnMap":{"0":{"name":"(anonymous_0)","decl":{"start":{"line":3,"column":30},"end":{"line":3,"column":31}},"loc":{"start":{"line":3,"column":97},"end":{"line":6,"column":1}}}},"branchMap":{"0":{"loc":{"start":{"line":4,"column":4},"end":{"line":4,"column":69}},"type":"if","locations":[{"start":{"line":4,"column":4},"end":{"line":4,"column":69}}]},"1":{"loc":{"start":{"line":4,"column":8},"end":{"line":4,"column":52}},"type":"binary-expr","locations":[{"start":{"line":4,"column":8},"end":{"line":4,"column":20}},{"start":{"line":4,"column":24},"end":{"line":4,"column":52}}]},"2":{"loc":{"start":{"line":4,"column":25},"end":{"line":4,"column":50}},"type":"cond-expr","locations":[{"start":{"line":4,"column":36},"end":{"line":4,"column":38}},{"start":{"line":4,"column":25},"end":{"line":4,"column":50}}]},"3":{"loc":{"start":{"line":4,"column":25},"end":{"line":4,"column":38}},"type":"binary-expr","locations":[{"start":{"line":4,"column":25},"end":{"line":4,"column":38}},{"start":{"line":4,"column":25},"end":{"line":4,"column":38}}]}},"s":{"0":2,"1":2,"2":5,"3":1,"4":4,"5":2},"f":{"0":5},"b":{"0":[1],"1":[5,5],"2":[0,5],"3":[5,5]}}
,"/home/drinkalot/repos/fws-cli-refactor/src/util/getRequiredOptions.ts": {"path":"/home/drinkalot/repos/fws-cli-refactor/src/util/getRequiredOptions.ts","statementMap":{"0":{"start":{"line":3,"column":34},"end":{"line":11,"column":1}},"1":{"start":{"line":4,"column":42},"end":{"line":4,"column":44}},"2":{"start":{"line":5,"column":4},"end":{"line":9,"column":5}},"3":{"start":{"line":6,"column":8},"end":{"line":8,"column":11}},"4":{"start":{"line":7,"column":12},"end":{"line":7,"column":103}},"5":{"start":{"line":10,"column":4},"end":{"line":10,"column":25}},"6":{"start":{"line":3,"column":13},"end":{"line":3,"column":34}}},"fnMap":{"0":{"name":"(anonymous_0)","decl":{"start":{"line":3,"column":34},"end":{"line":3,"column":35}},"loc":{"start":{"line":3,"column":72},"end":{"line":11,"column":1}}},"1":{"name":"(anonymous_1)","decl":{"start":{"line":6,"column":41},"end":{"line":6,"column":42}},"loc":{"start":{"line":6,"column":52},"end":{"line":8,"column":9}}}},"branchMap":{"0":{"loc":{"start":{"line":5,"column":4},"end":{"line":9,"column":5}},"type":"if","locations":[{"start":{"line":5,"column":4},"end":{"line":9,"column":5}}]},"1":{"loc":{"start":{"line":5,"column":8},"end":{"line":5,"column":41}},"type":"cond-expr","locations":[{"start":{"line":5,"column":33},"end":{"line":5,"column":35}},{"start":{"line":5,"column":33},"end":{"line":5,"column":41}}]},"2":{"loc":{"start":{"line":5,"column":8},"end":{"line":5,"column":35}},"type":"binary-expr","locations":[{"start":{"line":5,"column":8},"end":{"line":5,"column":35}},{"start":{"line":5,"column":33},"end":{"line":5,"column":35}}]},"3":{"loc":{"start":{"line":5,"column":8},"end":{"line":5,"column":33}},"type":"cond-expr","locations":[{"start":{"line":5,"column":15},"end":{"line":5,"column":17}},{"start":{"line":5,"column":8},"end":{"line":5,"column":33}}]},"4":{"loc":{"start":{"line":5,"column":8},"end":{"line":5,"column":17}},"type":"binary-expr","locations":[{"start":{"line":5,"column":8},"end":{"line":5,"column":17}},{"start":{"line":5,"column":8},"end":{"line":5,"column":17}}]}},"s":{"0":1,"1":1,"2":1,"3":1,"4":1,"5":1,"6":1},"f":{"0":1,"1":1},"b":{"0":[1],"1":[0,1],"2":[1,1],"3":[0,1],"4":[1,1]}}
,"/home/drinkalot/repos/fws-cli-refactor/src/util/isWin.ts": {"path":"/home/drinkalot/repos/fws-cli-refactor/src/util/isWin.ts","statementMap":{"0":{"start":{"line":1,"column":21},"end":{"line":1,"column":64}},"1":{"start":{"line":1,"column":36},"end":{"line":1,"column":64}},"2":{"start":{"line":1,"column":13},"end":{"line":1,"column":21}}},"fnMap":{"0":{"name":"(anonymous_0)","decl":{"start":{"line":1,"column":21},"end":{"line":1,"column":33}},"loc":{"start":{"line":1,"column":36},"end":{"line":1,"column":64}}}},"branchMap":{},"s":{"0":1,"1":2,"2":1},"f":{"0":2},"b":{}}
,"/home/drinkalot/repos/fws-cli-refactor/src/util/resolvePackageJson.ts": {"path":"/home/drinkalot/repos/fws-cli-refactor/src/util/resolvePackageJson.ts","statementMap":{"0":{"start":{"line":1,"column":0},"end":{"line":1,"column":50}},"1":{"start":{"line":2,"column":0},"end":{"line":2,"column":72}},"2":{"start":{"line":4,"column":34},"end":{"line":9,"column":1}},"3":{"start":{"line":5,"column":18},"end":{"line":5,"column":45}},"4":{"start":{"line":6,"column":4},"end":{"line":6,"column":37}},"5":{"start":{"line":6,"column":25},"end":{"line":6,"column":37}},"6":{"start":{"line":7,"column":24},"end":{"line":7,"column":54}},"7":{"start":{"line":8,"column":4},"end":{"line":8,"column":23}},"8":{"start":{"line":4,"column":13},"end":{"line":4,"column":34}}},"fnMap":{"0":{"name":"(anonymous_0)","decl":{"start":{"line":4,"column":34},"end":{"line":4,"column":80}},"loc":{"start":{"line":4,"column":82},"end":{"line":9,"column":1}}}},"branchMap":{"0":{"loc":{"start":{"line":6,"column":4},"end":{"line":6,"column":37}},"type":"if","locations":[{"start":{"line":6,"column":4},"end":{"line":6,"column":37}}]}},"s":{"0":2,"1":2,"2":2,"3":3,"4":3,"5":2,"6":1,"7":1,"8":2},"f":{"0":3},"b":{"0":[2]}}
}
