TN:
SF:src/consts/packageTypes.ts
FNF:0
FNH:0
DA:10,3
LF:1
LH:1
BRF:0
BRH:0
end_of_record
TN:
SF:src/package/index.ts
FN:7,(anonymous_0)
FNF:1
FNH:1
FNDA:3,(anonymous_0)
DA:1,1
DA:3,1
DA:4,1
DA:5,1
DA:7,1
DA:8,3
DA:9,3
DA:10,3
DA:11,3
DA:12,2
DA:21,1
LF:11
LH:11
BRDA:11,0,0,2
BRDA:11,1,0,3
BRDA:11,1,1,3
BRDA:11,1,2,2
BRDA:11,1,3,2
BRDA:11,1,4,2
BRDA:11,1,5,2
BRDA:22,2,0,0
BRDA:22,2,1,1
BRDA:22,3,0,1
BRDA:22,3,1,1
BRDA:23,4,0,0
BRDA:23,4,1,1
BRDA:23,5,0,1
BRDA:23,5,1,1
BRF:15
BRH:13
end_of_record
TN:
SF:src/util/checkIfOneOptionIsPresent.ts
FN:6,(anonymous_0)
FN:12,(anonymous_1)
FNF:2
FNH:2
FNDA:4,(anonymous_0)
FNDA:6,(anonymous_1)
DA:6,1
DA:7,4
DA:8,1
DA:9,3
DA:10,3
DA:11,3
DA:12,6
DA:15,3
LF:8
LH:8
BRDA:7,0,0,1
BRDA:7,1,0,4
BRDA:7,1,1,4
BRDA:7,1,2,3
BRDA:7,1,3,3
BRDA:11,2,0,2
BRF:6
BRH:6
end_of_record
TN:
SF:src/util/getAdditionalOptions.ts
FN:3,(anonymous_0)
FN:6,(anonymous_1)
FNF:2
FNH:2
FNDA:1,(anonymous_0)
FNDA:1,(anonymous_1)
DA:3,1
DA:4,1
DA:5,1
DA:6,1
DA:7,1
DA:10,1
LF:6
LH:6
BRDA:5,0,0,1
BRDA:5,1,0,0
BRDA:5,1,1,1
BRDA:5,2,0,1
BRDA:5,2,1,1
BRDA:5,3,0,0
BRDA:5,3,1,1
BRDA:5,4,0,1
BRDA:5,4,1,1
BRF:9
BRH:7
end_of_record
TN:
SF:src/util/getAllowedCommands.ts
FN:3,(anonymous_0)
FNF:1
FNH:1
FNDA:5,(anonymous_0)
DA:1,1
DA:3,1
DA:4,5
DA:5,4
LF:4
LH:4
BRDA:4,0,0,1
BRDA:4,1,0,5
BRDA:4,1,1,5
BRDA:4,2,0,0
BRDA:4,2,1,5
BRDA:4,3,0,5
BRDA:4,3,1,5
BRF:7
BRH:6
end_of_record
TN:
SF:src/util/getAssetsDir.ts
FN:3,(anonymous_0)
FNF:1
FNH:1
FNDA:5,(anonymous_0)
DA:1,2
DA:3,2
DA:4,5
LF:3
LH:3
BRDA:4,0,0,2
BRDA:4,0,1,3
BRDA:6,1,0,2
BRDA:6,1,1,1
BRF:4
BRH:4
end_of_record
TN:
SF:src/util/getCommands.ts
FN:3,(anonymous_0)
FN:9,(anonymous_1)
FNF:2
FNH:2
FNDA:2,(anonymous_0)
FNDA:4,(anonymous_1)
DA:3,1
DA:8,2
DA:9,4
LF:3
LH:3
BRF:0
BRH:0
end_of_record
TN:
SF:src/util/getEnvTemplate.ts
FN:1,(anonymous_0)
FNF:1
FNH:1
FNDA:3,(anonymous_0)
DA:1,1
DA:2,3
DA:3,3
LF:3
LH:3
BRDA:3,0,0,1
BRDA:3,0,1,2
BRDA:5,1,0,1
BRDA:5,1,1,1
BRF:4
BRH:4
end_of_record
TN:
SF:src/util/getFiles.ts
FN:3,(anonymous_0)
FN:5,(anonymous_1)
FNF:2
FNH:2
FNDA:1,(anonymous_0)
FNDA:2,(anonymous_1)
DA:1,1
DA:2,1
DA:3,1
DA:4,1
DA:5,1
DA:6,2
DA:8,2
DA:9,5
DA:10,5
DA:11,5
DA:12,1
DA:13,4
DA:14,2
DA:18,1
DA:19,1
LF:15
LH:15
BRDA:11,0,0,1
BRDA:11,0,1,4
BRDA:13,1,0,2
BRDA:13,2,0,4
BRDA:13,2,1,4
BRDA:13,2,2,2
BRF:6
BRH:6
end_of_record
TN:
SF:src/util/getMessageBasedOnCode.ts
FN:1,(anonymous_0)
FNF:1
FNH:1
FNDA:3,(anonymous_0)
DA:1,1
DA:2,3
LF:2
LH:2
BRDA:2,0,0,1
BRDA:2,0,1,2
BRDA:4,1,0,1
BRDA:4,1,1,1
BRF:4
BRH:4
end_of_record
TN:
SF:src/util/getPackageJson.ts
FN:2,(anonymous_0)
FNF:1
FNH:1
FNDA:2,(anonymous_0)
DA:1,3
DA:2,3
DA:3,2
DA:4,2
DA:5,1
DA:7,1
LF:6
LH:6
BRF:0
BRH:0
end_of_record
TN:
SF:src/util/getPackageJsonAndRootPath.ts
FN:9,(anonymous_0)
FN:14,(anonymous_1)
FNF:2
FNH:2
FNDA:3,(anonymous_0)
FNDA:1,(anonymous_1)
DA:1,3
DA:2,3
DA:9,3
DA:10,3
DA:11,3
DA:12,1
DA:13,1
DA:14,1
DA:15,1
DA:16,1
DA:23,1
DA:25,1
DA:26,1
LF:13
LH:13
BRDA:11,0,0,1
BRDA:13,1,0,1
BRDA:15,2,0,1
BRF:3
BRH:3
end_of_record
TN:
SF:src/util/getPackageType.ts
FN:3,(anonymous_0)
FNF:1
FNH:1
FNDA:5,(anonymous_0)
DA:1,2
DA:3,2
DA:4,5
DA:5,4
LF:4
LH:4
BRDA:4,0,0,1
BRDA:4,1,0,5
BRDA:4,1,1,5
BRDA:4,2,0,0
BRDA:4,2,1,5
BRDA:4,3,0,5
BRDA:4,3,1,5
BRF:7
BRH:6
end_of_record
TN:
SF:src/util/getRequiredOptions.ts
FN:3,(anonymous_0)
FN:6,(anonymous_1)
FNF:2
FNH:2
FNDA:1,(anonymous_0)
FNDA:1,(anonymous_1)
DA:3,1
DA:4,1
DA:5,1
DA:6,1
DA:7,1
DA:10,1
LF:6
LH:6
BRDA:5,0,0,1
BRDA:5,1,0,0
BRDA:5,1,1,1
BRDA:5,2,0,1
BRDA:5,2,1,1
BRDA:5,3,0,0
BRDA:5,3,1,1
BRDA:5,4,0,1
BRDA:5,4,1,1
BRF:9
BRH:7
end_of_record
TN:
SF:src/util/isWin.ts
FN:1,(anonymous_0)
FNF:1
FNH:1
FNDA:2,(anonymous_0)
DA:1,2
LF:1
LH:1
BRF:0
BRH:0
end_of_record
TN:
SF:src/util/resolvePackageJson.ts
FN:4,(anonymous_0)
FNF:1
FNH:1
FNDA:3,(anonymous_0)
DA:1,2
DA:2,2
DA:4,2
DA:5,3
DA:6,3
DA:7,1
DA:8,1
LF:7
LH:7
BRDA:6,0,0,2
BRF:1
BRH:1
end_of_record
